<?xml version="1.0" encoding="UTF-8"?>
<testng-results skipped="0" failed="0" ignored="0" total="2" passed="2">
  <reporter-output>
    <line>
      <![CDATA[Creatcustomer]]>
    </line>
    <line>
      <![CDATA[Editcustomer]]>
    </line>
  </reporter-output>
  <suite name="Default suite" duration-ms="259" started-at="2023-03-02T10:30:25 IST" finished-at="2023-03-02T10:30:25 IST">
    <groups>
    </groups>
    <test name="Default test" duration-ms="259" started-at="2023-03-02T10:30:25 IST" finished-at="2023-03-02T10:30:25 IST">
      <class name="com.ganga.AppTest">
        <test-method status="PASS" signature="testCreatcustomer()[pri:0, instance:com.ganga.AppTest@1efed156]" name="testCreatcustomer" duration-ms="21" started-at="2023-03-02T10:30:25 IST" finished-at="2023-03-02T10:30:25 IST">
          <reporter-output>
            <line>
              <![CDATA[Creatcustomer]]>
            </line>
          </reporter-output>
        </test-method> <!-- testCreatcustomer -->
        <test-method status="PASS" signature="testEditcustomer()[pri:0, instance:com.ganga.AppTest@1efed156]" name="testEditcustomer" duration-ms="3" started-at="2023-03-02T10:30:25 IST" finished-at="2023-03-02T10:30:25 IST">
          <reporter-output>
            <line>
              <![CDATA[Editcustomer]]>
            </line>
          </reporter-output>
        </test-method> <!-- testEditcustomer -->
      </class> <!-- com.ganga.AppTest -->
    </test> <!-- Default test -->
  </suite> <!-- Default suite -->
</testng-results>
